[35m[1mScanning dependencies of target dog_driver_node[0m
[ 66%] [32mBuilding CXX object CMakeFiles/dog_driver_node.dir/src/dog_driver_node.cpp.o[0m
[ 66%] [32mBuilding CXX object CMakeFiles/dog_driver_node.dir/src/util.cpp.o[0m
[01m[K/home/kyle/ros/2dslam_ws/src/ros_gogodog_bridge/src/dog_driver_node.cpp:[m[K In member function â€˜[01m[Kvoid dog_driver::DogDriverNode::checkPort()[m[Kâ€™:
[01m[K/home/kyle/ros/2dslam_ws/src/ros_gogodog_bridge/src/dog_driver_node.cpp:55:2:[m[K [01;31m[Kerror: [m[Kâ€˜[01m[Ksplit[m[Kâ€™ was not declared in this scope
  [01;31m[Ksplit[m[K(readData, vecData, ' ');
  [01;31m[K^~~~~[m[K
[01m[K/home/kyle/ros/2dslam_ws/src/ros_gogodog_bridge/src/dog_driver_node.cpp:55:2:[m[K [01;36m[Knote: [m[Ksuggested alternative: â€˜[01m[Kspin[m[Kâ€™
  [01;36m[Ksplit[m[K(readData, vecData, ' ');
  [01;36m[K^~~~~[m[K
  [32m[Kspin[m[K
CMakeFiles/dog_driver_node.dir/build.make:62: recipe for target 'CMakeFiles/dog_driver_node.dir/src/dog_driver_node.cpp.o' failed
make[2]: *** [CMakeFiles/dog_driver_node.dir/src/dog_driver_node.cpp.o] Error 1
CMakeFiles/Makefile2:67: recipe for target 'CMakeFiles/dog_driver_node.dir/all' failed
make[1]: *** [CMakeFiles/dog_driver_node.dir/all] Error 2
Makefile:140: recipe for target 'all' failed
make: *** [all] Error 2
