In file included from [01m[K/home/kyle/ros/2dslam_ws/src/ros_gogodog_bridge/src/dog_driver_node.cpp:2:0[m[K:
[01m[K/home/kyle/ros/2dslam_ws/src/ros_gogodog_bridge/include/ros_gogodog_bridge/dog_driver_node.hpp:12:10:[m[K [01;31m[Kfatal error: [m[KEigen/core.hpp: No such file or directory
 #include [01;31m[K"Eigen/core.hpp"[m[K
          [01;31m[K^~~~~~~~~~~~~~~~[m[K
compilation terminated.
make[2]: *** [CMakeFiles/dog_driver_node.dir/src/dog_driver_node.cpp.o] Error 1
make[1]: *** [CMakeFiles/dog_driver_node.dir/all] Error 2
make: *** [all] Error 2
