[01m[K/home/kyle/ros/2dslam_ws/src/ros_gogodog_bridge/src/dog_driver_node.cpp:[m[K In constructor â€˜[01m[Kdog_driver::DogDriverNode::DogDriverNode()[m[Kâ€™:
[01m[K/home/kyle/ros/2dslam_ws/src/ros_gogodog_bridge/src/dog_driver_node.cpp:15:107:[m[K [01;31m[Kerror: [m[Kexpected primary-expression before â€˜[01m[K)[m[Kâ€™ token
  sub_vel = n_.subscribe<geometry_msgs::Twist>("/cmd_vel", 5, &DogDriverNode::cmdVelHandler, &DogDriverNode[01;31m[K)[m[K;
                                                                                                           [01;31m[K^[m[K
make[2]: *** [CMakeFiles/dog_driver_node.dir/src/dog_driver_node.cpp.o] Error 1
make[1]: *** [CMakeFiles/dog_driver_node.dir/all] Error 2
make: *** [all] Error 2
