[01m[K/home/kyle/ros/2dslam_ws/src/ros_gogodog_bridge/src/dog_driver_node.cpp:7:1:[m[K [01;31m[Kerror: [m[Kredefinition of â€˜[01m[Kdog_driver::DogDriverNode::DogDriverNode()[m[Kâ€™
 [01;31m[KDogDriverNode[m[K::DogDriverNode() : n_("~")
 [01;31m[K^~~~~~~~~~~~~[m[K
In file included from [01m[K/home/kyle/ros/2dslam_ws/src/ros_gogodog_bridge/src/dog_driver_node.cpp:2:0[m[K:
[01m[K/home/kyle/ros/2dslam_ws/src/ros_gogodog_bridge/include/ros_gogodog_bridge/dog_driver_node.hpp:38:5:[m[K [01;36m[Knote: [m[Kâ€˜[01m[Kdog_driver::DogDriverNode::DogDriverNode()[m[Kâ€™ previously defined here
     [01;36m[KDogDriverNode[m[K(){};
     [01;36m[K^~~~~~~~~~~~~[m[K
make[2]: *** [CMakeFiles/dog_driver_node.dir/src/dog_driver_node.cpp.o] Error 1
make[1]: *** [CMakeFiles/dog_driver_node.dir/all] Error 2
make: *** [all] Error 2
