[01m[K/home/kyle/ros/2dslam_ws/src/ros_gogodog_bridge/src/dog_driver_node.cpp:[m[K In function â€˜[01m[Kint main(int, char**)[m[Kâ€™:
[01m[K/home/kyle/ros/2dslam_ws/src/ros_gogodog_bridge/src/dog_driver_node.cpp:72:2:[m[K [01;31m[Kerror: [m[Kâ€˜[01m[KserialPort[m[Kâ€™ was not declared in this scope
  [01;31m[KserialPort[m[K.Close();
  [01;31m[K^~~~~~~~~~[m[K
make[2]: *** [CMakeFiles/dog_driver_node.dir/src/dog_driver_node.cpp.o] Error 1
make[1]: *** [CMakeFiles/dog_driver_node.dir/all] Error 2
make: *** [all] Error 2
